timestamp: 2016-02-01T12:14:29.101023
CREATE TABLE auth_user(
    id INT AUTO_INCREMENT NOT NULL,
    first_name VARCHAR(128),
    last_name VARCHAR(128),
    email VARCHAR(512),
    username VARCHAR(128),
    password VARCHAR(512),
    registration_key VARCHAR(512),
    reset_password_key VARCHAR(512),
    registration_id VARCHAR(512),
    PRIMARY KEY (id)
) ENGINE=InnoDB CHARACTER SET utf8;
success!
timestamp: 2016-02-01T12:14:29.283575
CREATE TABLE auth_group(
    id INT AUTO_INCREMENT NOT NULL,
    role VARCHAR(512),
    description LONGTEXT,
    PRIMARY KEY (id)
) ENGINE=InnoDB CHARACTER SET utf8;
success!
timestamp: 2016-02-01T12:14:29.423823
CREATE TABLE auth_membership(
    id INT AUTO_INCREMENT NOT NULL,
    user_id INT  , INDEX user_id__idx (user_id), FOREIGN KEY (user_id) REFERENCES auth_user (id) ON DELETE CASCADE,
    group_id INT  , INDEX group_id__idx (group_id), FOREIGN KEY (group_id) REFERENCES auth_group (id) ON DELETE CASCADE,
    PRIMARY KEY (id)
) ENGINE=InnoDB CHARACTER SET utf8;
success!
timestamp: 2016-02-01T12:14:29.613165
CREATE TABLE auth_permission(
    id INT AUTO_INCREMENT NOT NULL,
    group_id INT  , INDEX group_id__idx (group_id), FOREIGN KEY (group_id) REFERENCES auth_group (id) ON DELETE CASCADE,
    name VARCHAR(512),
    table_name VARCHAR(512),
    record_id INT,
    PRIMARY KEY (id)
) ENGINE=InnoDB CHARACTER SET utf8;
success!
timestamp: 2016-02-01T12:14:29.747318
CREATE TABLE auth_event(
    id INT AUTO_INCREMENT NOT NULL,
    time_stamp DATETIME,
    client_ip VARCHAR(512),
    user_id INT  , INDEX user_id__idx (user_id), FOREIGN KEY (user_id) REFERENCES auth_user (id) ON DELETE CASCADE,
    origin VARCHAR(512),
    description LONGTEXT,
    PRIMARY KEY (id)
) ENGINE=InnoDB CHARACTER SET utf8;
success!
timestamp: 2016-02-01T12:14:29.899831
CREATE TABLE auth_cas(
    id INT AUTO_INCREMENT NOT NULL,
    user_id INT  , INDEX user_id__idx (user_id), FOREIGN KEY (user_id) REFERENCES auth_user (id) ON DELETE CASCADE,
    created_on DATETIME,
    service VARCHAR(512),
    ticket VARCHAR(512),
    renew CHAR(1),
    PRIMARY KEY (id)
) ENGINE=InnoDB CHARACTER SET utf8;
success!
timestamp: 2016-02-01T12:14:30.063554
CREATE TABLE tab_marcas(
    id INT AUTO_INCREMENT NOT NULL,
    nombre VARCHAR(512) NOT NULL,
    placa_madre CHAR(1),
    microprocesador CHAR(1),
    disco_rigido CHAR(1),
    memoria_ram CHAR(1),
    monitor CHAR(1),
    ups_estabilizador CHAR(1),
    placa_video CHAR(1),
    impresora CHAR(1),
    PRIMARY KEY (id)
) ENGINE=InnoDB CHARACTER SET utf8;
success!
timestamp: 2016-02-01T12:14:30.216269
CREATE TABLE tab_impresoras(
    id INT AUTO_INCREMENT NOT NULL,
    marca_id INT  , INDEX marca_id__idx (marca_id), FOREIGN KEY (marca_id) REFERENCES tab_marcas (id) ON DELETE CASCADE,
    modelo VARCHAR(512),
    observaciones LONGTEXT,
    PRIMARY KEY (id)
) ENGINE=InnoDB CHARACTER SET utf8;
success!
timestamp: 2016-02-01T12:14:30.364816
CREATE TABLE impresoras_insumos(
    id INT AUTO_INCREMENT NOT NULL,
    impresora_id INT  , INDEX impresora_id__idx (impresora_id), FOREIGN KEY (impresora_id) REFERENCES tab_impresoras (id) ON DELETE CASCADE,
    tipo VARCHAR(512),
    modelo VARCHAR(512),
    Color VARCHAR(512),
    observaciones LONGTEXT,
    PRIMARY KEY (id)
) ENGINE=InnoDB CHARACTER SET utf8;
success!
timestamp: 2016-02-01T12:14:30.520030
CREATE TABLE tab_monitores(
    id INT AUTO_INCREMENT NOT NULL,
    marca_id INT  , INDEX marca_id__idx (marca_id), FOREIGN KEY (marca_id) REFERENCES tab_marcas (id) ON DELETE CASCADE,
    modelo VARCHAR(512),
    pulgadas VARCHAR(512),
    tipo VARCHAR(512),
    observaciones LONGTEXT,
    PRIMARY KEY (id)
) ENGINE=InnoDB CHARACTER SET utf8;
success!
timestamp: 2016-02-01T12:14:30.662637
CREATE TABLE tab_ups_estabilizador(
    id INT AUTO_INCREMENT NOT NULL,
    marca_id INT  , INDEX marca_id__idx (marca_id), FOREIGN KEY (marca_id) REFERENCES tab_marcas (id) ON DELETE CASCADE,
    modelo VARCHAR(512),
    tipo VARCHAR(512),
    potencia VARCHAR(512),
    PRIMARY KEY (id)
) ENGINE=InnoDB CHARACTER SET utf8;
success!
timestamp: 2016-02-01T12:14:30.811979
CREATE TABLE tab_microprocesadores(
    id INT AUTO_INCREMENT NOT NULL,
    marca_id INT  , INDEX marca_id__idx (marca_id), FOREIGN KEY (marca_id) REFERENCES tab_marcas (id) ON DELETE CASCADE,
    modelo VARCHAR(512),
    frecuencia_trabajo VARCHAR(512),
    observaciones VARCHAR(512),
    PRIMARY KEY (id)
) ENGINE=InnoDB CHARACTER SET utf8;
success!
timestamp: 2016-02-01T12:14:30.967510
CREATE TABLE tab_placa_madre(
    id INT AUTO_INCREMENT NOT NULL,
    marca_id INT  , INDEX marca_id__idx (marca_id), FOREIGN KEY (marca_id) REFERENCES tab_marcas (id) ON DELETE CASCADE,
    modelo VARCHAR(512),
    observaciones VARCHAR(512),
    PRIMARY KEY (id)
) ENGINE=InnoDB CHARACTER SET utf8;
success!
timestamp: 2016-02-01T12:14:31.110987
CREATE TABLE areas(
    id INT AUTO_INCREMENT NOT NULL,
    nombre VARCHAR(512),
    observaciones LONGTEXT,
    is_active CHAR(1),
    created_on DATETIME,
    created_by INT  , INDEX created_by__idx (created_by), FOREIGN KEY (created_by) REFERENCES auth_user (id) ON DELETE CASCADE,
    modified_on DATETIME,
    modified_by INT  , INDEX modified_by__idx (modified_by), FOREIGN KEY (modified_by) REFERENCES auth_user (id) ON DELETE CASCADE,
    PRIMARY KEY (id)
) ENGINE=InnoDB CHARACTER SET utf8;
success!
timestamp: 2016-02-01T12:14:31.327731
CREATE TABLE agentes(
    id INT AUTO_INCREMENT NOT NULL,
    apellido VARCHAR(512),
    nombres VARCHAR(512),
    domicilio VARCHAR(512),
    dni VARCHAR(512),
    tel_coorporativo VARCHAR(512),
    tel_celular VARCHAR(512),
    tel_fijo VARCHAR(512),
    area_id INT  , INDEX area_id__idx (area_id), FOREIGN KEY (area_id) REFERENCES areas (id) ON DELETE CASCADE,
    is_active CHAR(1),
    created_on DATETIME,
    created_by INT  , INDEX created_by__idx (created_by), FOREIGN KEY (created_by) REFERENCES auth_user (id) ON DELETE CASCADE,
    modified_on DATETIME,
    modified_by INT  , INDEX modified_by__idx (modified_by), FOREIGN KEY (modified_by) REFERENCES auth_user (id) ON DELETE CASCADE,
    PRIMARY KEY (id)
) ENGINE=InnoDB CHARACTER SET utf8;
success!
timestamp: 2016-02-01T12:14:31.622631
CREATE TABLE stock_impresoras(
    id INT AUTO_INCREMENT NOT NULL,
    identificador VARCHAR(512),
    impresora_id INT  , INDEX impresora_id__idx (impresora_id), FOREIGN KEY (impresora_id) REFERENCES tab_impresoras (id) ON DELETE CASCADE,
    responsable_id INT  , INDEX responsable_id__idx (responsable_id), FOREIGN KEY (responsable_id) REFERENCES agentes (id) ON DELETE CASCADE,
    area_id INT  , INDEX area_id__idx (area_id), FOREIGN KEY (area_id) REFERENCES areas (id) ON DELETE CASCADE,
    estado VARCHAR(512),
    nro_serie VARCHAR(512),
    fecha_compra DATE,
    observaciones LONGTEXT,
    PRIMARY KEY (id)
) ENGINE=InnoDB CHARACTER SET utf8;
success!
timestamp: 2016-02-01T12:14:31.916622
CREATE TABLE stock_monitores(
    id INT AUTO_INCREMENT NOT NULL,
    identificador VARCHAR(512),
    monitor_id INT  , INDEX monitor_id__idx (monitor_id), FOREIGN KEY (monitor_id) REFERENCES tab_monitores (id) ON DELETE CASCADE,
    responsable_id INT  , INDEX responsable_id__idx (responsable_id), FOREIGN KEY (responsable_id) REFERENCES agentes (id) ON DELETE CASCADE,
    area_id INT  , INDEX area_id__idx (area_id), FOREIGN KEY (area_id) REFERENCES areas (id) ON DELETE CASCADE,
    estado VARCHAR(512),
    nro_serie VARCHAR(512),
    fecha_compra DATE,
    observaciones LONGTEXT,
    is_active CHAR(1),
    created_on DATETIME,
    created_by INT  , INDEX created_by__idx (created_by), FOREIGN KEY (created_by) REFERENCES auth_user (id) ON DELETE CASCADE,
    modified_on DATETIME,
    modified_by INT  , INDEX modified_by__idx (modified_by), FOREIGN KEY (modified_by) REFERENCES auth_user (id) ON DELETE CASCADE,
    PRIMARY KEY (id)
) ENGINE=InnoDB CHARACTER SET utf8;
success!
timestamp: 2016-02-01T12:14:32.475804
CREATE TABLE stock_ups_estabilizador(
    id INT AUTO_INCREMENT NOT NULL,
    identificador VARCHAR(512),
    ups_estabilizador_id INT  , INDEX ups_estabilizador_id__idx (ups_estabilizador_id), FOREIGN KEY (ups_estabilizador_id) REFERENCES tab_ups_estabilizador (id) ON DELETE CASCADE,
    responsable_id INT  , INDEX responsable_id__idx (responsable_id), FOREIGN KEY (responsable_id) REFERENCES agentes (id) ON DELETE CASCADE,
    area_id INT  , INDEX area_id__idx (area_id), FOREIGN KEY (area_id) REFERENCES areas (id) ON DELETE CASCADE,
    estado VARCHAR(512),
    nro_serie VARCHAR(512),
    fecha_compra DATE,
    observaciones LONGTEXT,
    PRIMARY KEY (id)
) ENGINE=InnoDB CHARACTER SET utf8;
success!
timestamp: 2016-02-01T12:14:32.752118
CREATE TABLE pc(
    id INT AUTO_INCREMENT NOT NULL,
    identificador VARCHAR(512),
    microprocesador_id INT  , INDEX microprocesador_id__idx (microprocesador_id), FOREIGN KEY (microprocesador_id) REFERENCES tab_microprocesadores (id) ON DELETE CASCADE,
    placa_madre_id INT  , INDEX placa_madre_id__idx (placa_madre_id), FOREIGN KEY (placa_madre_id) REFERENCES tab_placa_madre (id) ON DELETE CASCADE,
    disco VARCHAR(512),
    memoria VARCHAR(512),
    so VARCHAR(512),
    unidad_optica VARCHAR(512),
    observaciones LONGTEXT,
    area_id INT  , INDEX area_id__idx (area_id), FOREIGN KEY (area_id) REFERENCES areas (id) ON DELETE CASCADE,
    responsable_id INT  , INDEX responsable_id__idx (responsable_id), FOREIGN KEY (responsable_id) REFERENCES agentes (id) ON DELETE CASCADE,
    PRIMARY KEY (id)
) ENGINE=InnoDB CHARACTER SET utf8;
success!
timestamp: 2016-02-01T12:14:33.158064
CREATE TABLE portatiles(
    id INT AUTO_INCREMENT NOT NULL,
    responsable_id INT  , INDEX responsable_id__idx (responsable_id), FOREIGN KEY (responsable_id) REFERENCES agentes (id) ON DELETE CASCADE,
    area_id INT  , INDEX area_id__idx (area_id), FOREIGN KEY (area_id) REFERENCES areas (id) ON DELETE CASCADE,
    tipo VARCHAR(512),
    marca_id INT  , INDEX marca_id__idx (marca_id), FOREIGN KEY (marca_id) REFERENCES tab_marcas (id) ON DELETE CASCADE,
    modelo VARCHAR(512),
    microprocesador_id INT  , INDEX microprocesador_id__idx (microprocesador_id), FOREIGN KEY (microprocesador_id) REFERENCES tab_microprocesadores (id) ON DELETE CASCADE,
    disco VARCHAR(512),
    memoria VARCHAR(512),
    pulgadas VARCHAR(512),
    unidad_optica VARCHAR(512),
    so VARCHAR(512),
    propietario VARCHAR(512),
    observaciones LONGTEXT,
    PRIMARY KEY (id)
) ENGINE=InnoDB CHARACTER SET utf8;
success!
timestamp: 2016-02-01T12:14:33.477611
CREATE TABLE pedidos(
    id INT AUTO_INCREMENT NOT NULL,
    personal_id INT  , INDEX personal_id__idx (personal_id), FOREIGN KEY (personal_id) REFERENCES agentes (id) ON DELETE CASCADE,
    fecha_solicitud DATE NOT NULL DEFAULT '2016-02-01',
    problema_tipo VARCHAR(512),
    problema_detalle LONGTEXT NOT NULL,
    problema_solucion_propuesta LONGTEXT,
    problema_estado VARCHAR(512),
    personal_computos_id INT  , INDEX personal_computos_id__idx (personal_computos_id), FOREIGN KEY (personal_computos_id) REFERENCES agentes (id) ON DELETE CASCADE,
    observaciones LONGTEXT,
    PRIMARY KEY (id)
) ENGINE=InnoDB CHARACTER SET utf8;
success!
